Loading dataset from folder
Initializing Molecular Representation Generator
Dataset Name: ToxQ
Number of Molecules Loaded: 452
===================================
Loading dataset from folder
Initializing Molecular Representation Generator
Dataset Name: ToxQ
Number of Molecules Loaded: 51
===================================
Training for random_state = 21356
Epoch:   0 | RMSE Train Loss: 0.6372 | Validation AUC: 0.8816
Epoch:   1 | RMSE Train Loss: 0.6325 | Validation AUC: 0.8750
Epoch:   2 | RMSE Train Loss: 0.6258 | Validation AUC: 0.9474
Epoch:   3 | RMSE Train Loss: 0.6113 | Validation AUC: 0.9375
Epoch:   4 | RMSE Train Loss: 0.6059 | Validation AUC: 0.9441
Epoch:   5 | RMSE Train Loss: 0.6031 | Validation AUC: 0.9441
Epoch:   6 | RMSE Train Loss: 0.6020 | Validation AUC: 0.9474
Epoch:   7 | RMSE Train Loss: 0.6004 | Validation AUC: 0.9507
Epoch:   8 | RMSE Train Loss: 0.5996 | Validation AUC: 0.9539
Epoch:   9 | RMSE Train Loss: 0.5991 | Validation AUC: 0.9507
Model saved to ./models/gnn3d_hdat.pth
Time taken for training: 0 hours, 0 minutes, 31 seconds
Test Results:
Test AUC: 0.8895
Time taken for training and evaluation: 0 hours, 0 minutes, 31 seconds
Training for random_state = 137420
Epoch:   0 | RMSE Train Loss: 0.6434 | Validation AUC: 0.9302
Epoch:   1 | RMSE Train Loss: 0.6382 | Validation AUC: 1.0000
Epoch:   2 | RMSE Train Loss: 0.6398 | Validation AUC: 1.0000
Epoch:   3 | RMSE Train Loss: 0.6325 | Validation AUC: 1.0000
Epoch:   4 | RMSE Train Loss: 0.6184 | Validation AUC: 1.0000
Epoch:   5 | RMSE Train Loss: 0.6126 | Validation AUC: 1.0000
Epoch:   6 | RMSE Train Loss: 0.6093 | Validation AUC: 1.0000
Epoch:   7 | RMSE Train Loss: 0.6075 | Validation AUC: 1.0000
Epoch:   8 | RMSE Train Loss: 0.6054 | Validation AUC: 1.0000
Epoch:   9 | RMSE Train Loss: 0.6039 | Validation AUC: 1.0000
Model saved to ./models/gnn3d_hdat.pth
Time taken for training: 0 hours, 0 minutes, 31 seconds
Test Results:
Test AUC: 0.9709
Time taken for training and evaluation: 0 hours, 0 minutes, 31 seconds
Training for random_state = 949928
Epoch:   0 | RMSE Train Loss: 0.6406 | Validation AUC: 0.9881
Epoch:   1 | RMSE Train Loss: 0.6388 | Validation AUC: 0.9881
Epoch:   2 | RMSE Train Loss: 0.6290 | Validation AUC: 0.9762
Epoch:   3 | RMSE Train Loss: 0.6148 | Validation AUC: 0.9821
Epoch:   4 | RMSE Train Loss: 0.6098 | Validation AUC: 0.9821
Epoch:   5 | RMSE Train Loss: 0.6082 | Validation AUC: 0.9762
Epoch:   6 | RMSE Train Loss: 0.6060 | Validation AUC: 0.9821
Epoch:   7 | RMSE Train Loss: 0.6056 | Validation AUC: 0.9762
Epoch:   8 | RMSE Train Loss: 0.6054 | Validation AUC: 0.9762
Epoch:   9 | RMSE Train Loss: 0.6036 | Validation AUC: 0.9702
Model saved to ./models/gnn3d_hdat.pth
Time taken for training: 0 hours, 0 minutes, 32 seconds
Test Results:
Test AUC: 0.8953
Time taken for training and evaluation: 0 hours, 0 minutes, 32 seconds
Training for random_state = 435690
Epoch:   0 | RMSE Train Loss: 0.6397 | Validation AUC: 0.8542
Epoch:   1 | RMSE Train Loss: 0.6340 | Validation AUC: 0.8125
Epoch:   2 | RMSE Train Loss: 0.6344 | Validation AUC: 0.8667
Epoch:   3 | RMSE Train Loss: 0.6238 | Validation AUC: 0.9167
Epoch:   4 | RMSE Train Loss: 0.6112 | Validation AUC: 0.9125
Epoch:   5 | RMSE Train Loss: 0.6051 | Validation AUC: 0.9083
Epoch:   6 | RMSE Train Loss: 0.6028 | Validation AUC: 0.9042
Epoch:   7 | RMSE Train Loss: 0.6014 | Validation AUC: 0.9042
Epoch:   8 | RMSE Train Loss: 0.5997 | Validation AUC: 0.8917
Epoch:   9 | RMSE Train Loss: 0.5982 | Validation AUC: 0.8958
Model saved to ./models/gnn3d_hdat.pth
Time taken for training: 0 hours, 0 minutes, 31 seconds
Test Results:
Test AUC: 0.9709
Time taken for training and evaluation: 0 hours, 0 minutes, 31 seconds
Training for random_state = 7435290
Epoch:   0 | RMSE Train Loss: 0.6392 | Validation AUC: 0.8542
Epoch:   1 | RMSE Train Loss: 0.6335 | Validation AUC: 0.8375
Epoch:   2 | RMSE Train Loss: 0.6335 | Validation AUC: 0.8333
Epoch:   3 | RMSE Train Loss: 0.6341 | Validation AUC: 0.9083
Epoch:   4 | RMSE Train Loss: 0.6351 | Validation AUC: 0.9625
Epoch:   5 | RMSE Train Loss: 0.6240 | Validation AUC: 0.9708
Epoch:   6 | RMSE Train Loss: 0.6122 | Validation AUC: 0.9667
Epoch:   7 | RMSE Train Loss: 0.6079 | Validation AUC: 0.9542
Epoch:   8 | RMSE Train Loss: 0.6049 | Validation AUC: 0.9542
Epoch:   9 | RMSE Train Loss: 0.6035 | Validation AUC: 0.9542
Model saved to ./models/gnn3d_hdat.pth
Time taken for training: 0 hours, 0 minutes, 34 seconds
Test Results:
Test AUC: 0.9390
Time taken for training and evaluation: 0 hours, 0 minutes, 34 seconds
RMSE Losses Train: [[0.6371764282287635, 0.6324574652270143, 0.6258107288717636, 0.6113261653871959, 0.605923541807776, 0.6030859085433001, 0.6019923187829004, 0.6003991907159684, 0.5995577310987295, 0.5990624366135433], [0.6433512411387683, 0.6381591900522485, 0.6397833270686013, 0.6324992888960345, 0.618422272023309, 0.6126278942735325, 0.6092637749434692, 0.6075115920287635, 0.6054171985886955, 0.6038923024250369], [0.6405714875077967, 0.6388261174333507, 0.6289616102361913, 0.6147898677828276, 0.6098270168151761, 0.608210965477187, 0.6060050181273756, 0.6056264546410791, 0.6053947953167808, 0.6036494246550969], [0.6397104484987963, 0.634020948204501, 0.6344332590772601, 0.6238021564307471, 0.6112069268825606, 0.6051408877513679, 0.6028428030718723, 0.6013860169596272, 0.599656221901842, 0.598209777048656], [0.6391759136040223, 0.6334613489693609, 0.6335273612602591, 0.6341042844532746, 0.635077110065028, 0.6239902048275389, 0.6122223257724875, 0.6079258435759051, 0.6049236163423566, 0.6035344254207141]]
AUC Losses Val: [[0.881578947368421, 0.875, 0.9473684210526315, 0.9375, 0.944078947368421, 0.944078947368421, 0.9473684210526316, 0.950657894736842, 0.9539473684210525, 0.950657894736842], [0.9302325581395349, 1.0, 1.0, 1.0, 1.0, 1.0, 1.0, 1.0, 1.0, 1.0], [0.9880952380952381, 0.9880952380952381, 0.9761904761904762, 0.9821428571428572, 0.9821428571428572, 0.9761904761904762, 0.9821428571428572, 0.9761904761904762, 0.9761904761904762, 0.9702380952380952], [0.8541666666666666, 0.8125, 0.8666666666666667, 0.9166666666666667, 0.9125000000000001, 0.9083333333333333, 0.9041666666666667, 0.9041666666666667, 0.8916666666666666, 0.8958333333333334], [0.8541666666666667, 0.8375, 0.8333333333333334, 0.9083333333333333, 0.9625, 0.9708333333333333, 0.9666666666666667, 0.9541666666666667, 0.9541666666666667, 0.9541666666666667]]
Epoch | Average Training Loss | Average Validation Loss
    0 | 0.6400                | 0.9016
    1 | 0.6354                | 0.9026
    2 | 0.6325                | 0.9247
    3 | 0.6233                | 0.9489
    4 | 0.6161                | 0.9602
    5 | 0.6106                | 0.9599
    6 | 0.6065                | 0.9601
    7 | 0.6046                | 0.9570
    8 | 0.6030                | 0.9552
    9 | 0.6017                | 0.9542
Pearson Correlation Coefficient: 0.7428
Coefficient of Determination R^2: 0.5137
